<?xml version="1.0" encoding="UTF-8"?>
<coverage generated="1531932852701" clover="3.2.0">
  <project timestamp="1531932852701" name="All files">
    <metrics statements="79" coveredstatements="23" conditionals="74" coveredconditionals="25" methods="19" coveredmethods="5" elements="172" coveredelements="53" complexity="0" loc="79" ncloc="79" packages="2" files="2" classes="2">
      <package name="src">
        <metrics statements="73" coveredstatements="17" conditionals="74" coveredconditionals="25" methods="16" coveredmethods="2"/>
        <file name="index.js" path="/Users/rgarand/Git/react-amplitude/src/index.js">
          <metrics statements="73" coveredstatements="17" conditionals="74" coveredconditionals="25" methods="16" coveredmethods="2"/>
          <line num="15" count="1" type="stmt"/>
          <line num="17" count="1" type="stmt"/>
          <line num="26" count="3" type="cond" truecount="1" falsecount="1"/>
          <line num="27" count="0" type="stmt"/>
          <line num="28" count="0" type="stmt"/>
          <line num="30" count="3" type="cond" truecount="3" falsecount="1"/>
          <line num="31" count="0" type="stmt"/>
          <line num="33" count="3" type="cond" truecount="3" falsecount="1"/>
          <line num="34" count="0" type="stmt"/>
          <line num="36" count="3" type="cond" truecount="3" falsecount="1"/>
          <line num="37" count="0" type="stmt"/>
          <line num="40" count="3" type="cond" truecount="1" falsecount="1"/>
          <line num="41" count="0" type="stmt"/>
          <line num="44" count="3" type="cond" truecount="1" falsecount="1"/>
          <line num="45" count="3" type="cond" truecount="1" falsecount="1"/>
          <line num="46" count="3" type="stmt"/>
          <line num="54" count="0" type="cond" truecount="0" falsecount="2"/>
          <line num="55" count="0" type="stmt"/>
          <line num="56" count="0" type="cond" truecount="0" falsecount="2"/>
          <line num="57" count="0" type="stmt"/>
          <line num="58" count="0" type="stmt"/>
          <line num="60" count="0" type="stmt"/>
          <line num="63" count="0" type="stmt"/>
          <line num="71" count="0" type="stmt"/>
          <line num="78" count="0" type="stmt"/>
          <line num="87" count="0" type="cond" truecount="0" falsecount="2"/>
          <line num="88" count="0" type="stmt"/>
          <line num="89" count="0" type="stmt"/>
          <line num="91" count="0" type="cond" truecount="0" falsecount="4"/>
          <line num="92" count="0" type="stmt"/>
          <line num="93" count="0" type="stmt"/>
          <line num="96" count="0" type="stmt"/>
          <line num="103" count="0" type="stmt"/>
          <line num="113" count="2" type="cond" truecount="1" falsecount="1"/>
          <line num="114" count="0" type="stmt"/>
          <line num="115" count="0" type="stmt"/>
          <line num="117" count="2" type="cond" truecount="3" falsecount="1"/>
          <line num="118" count="0" type="stmt"/>
          <line num="120" count="2" type="cond" truecount="3" falsecount="1"/>
          <line num="121" count="0" type="stmt"/>
          <line num="123" count="2" type="cond" truecount="3" falsecount="1"/>
          <line num="124" count="0" type="stmt"/>
          <line num="126" count="2" type="cond" truecount="1" falsecount="1"/>
          <line num="127" count="2" type="cond" truecount="1" falsecount="1"/>
          <line num="128" count="2" type="stmt"/>
          <line num="139" count="0" type="cond" truecount="0" falsecount="2"/>
          <line num="140" count="0" type="stmt"/>
          <line num="141" count="0" type="stmt"/>
          <line num="143" count="0" type="cond" truecount="0" falsecount="4"/>
          <line num="144" count="0" type="stmt"/>
          <line num="146" count="0" type="cond" truecount="0" falsecount="4"/>
          <line num="147" count="0" type="stmt"/>
          <line num="149" count="0" type="cond" truecount="0" falsecount="4"/>
          <line num="150" count="0" type="stmt"/>
          <line num="152" count="0" type="cond" truecount="0" falsecount="4"/>
          <line num="153" count="0" type="stmt"/>
          <line num="161" count="0" type="stmt"/>
          <line num="162" count="0" type="stmt"/>
          <line num="170" count="0" type="cond" truecount="0" falsecount="4"/>
          <line num="171" count="0" type="stmt"/>
          <line num="174" count="0" type="stmt"/>
          <line num="183" count="0" type="cond" truecount="0" falsecount="2"/>
          <line num="184" count="0" type="stmt"/>
          <line num="185" count="0" type="stmt"/>
          <line num="188" count="0" type="stmt"/>
          <line num="198" count="0" type="cond" truecount="0" falsecount="2"/>
          <line num="199" count="0" type="stmt"/>
          <line num="200" count="0" type="stmt"/>
          <line num="203" count="0" type="stmt"/>
          <line num="208" count="0" type="stmt"/>
          <line num="209" count="0" type="stmt"/>
          <line num="212" count="0" type="stmt"/>
          <line num="213" count="0" type="stmt"/>
        </file>
      </package>
      <package name="src.utils.console">
        <metrics statements="6" coveredstatements="6" conditionals="0" coveredconditionals="0" methods="3" coveredmethods="3"/>
        <file name="index.js" path="/Users/rgarand/Git/react-amplitude/src/utils/console/index.js">
          <metrics statements="6" coveredstatements="6" conditionals="0" coveredconditionals="0" methods="3" coveredmethods="3"/>
          <line num="1" count="2" type="stmt"/>
          <line num="2" count="1" type="stmt"/>
          <line num="5" count="2" type="stmt"/>
          <line num="6" count="1" type="stmt"/>
          <line num="9" count="2" type="stmt"/>
          <line num="10" count="1" type="stmt"/>
        </file>
      </package>
    </metrics>
  </project>
</coverage>
