{"/Users/rgarand/Git/react-amplitude/src/index.js": {"path":"/Users/rgarand/Git/react-amplitude/src/index.js","statementMap":{"0":{"start":{"line":15,"column":15},"end":{"line":15,"column":20}},"1":{"start":{"line":17,"column":18},"end":{"line":215,"column":1}},"2":{"start":{"line":26,"column":4},"end":{"line":29,"column":5}},"3":{"start":{"line":27,"column":6},"end":{"line":27,"column":40}},"4":{"start":{"line":28,"column":6},"end":{"line":28,"column":13}},"5":{"start":{"line":30,"column":4},"end":{"line":32,"column":5}},"6":{"start":{"line":31,"column":6},"end":{"line":31,"column":47}},"7":{"start":{"line":33,"column":4},"end":{"line":35,"column":5}},"8":{"start":{"line":34,"column":6},"end":{"line":34,"column":48}},"9":{"start":{"line":36,"column":4},"end":{"line":38,"column":5}},"10":{"start":{"line":37,"column":6},"end":{"line":37,"column":51}},"11":{"start":{"line":40,"column":4},"end":{"line":42,"column":5}},"12":{"start":{"line":41,"column":8},"end":{"line":41,"column":56}},"13":{"start":{"line":44,"column":4},"end":{"line":44,"column":26}},"14":{"start":{"line":45,"column":4},"end":{"line":45,"column":29}},"15":{"start":{"line":46,"column":4},"end":{"line":46,"column":61}},"16":{"start":{"line":54,"column":4},"end":{"line":61,"column":5}},"17":{"start":{"line":55,"column":6},"end":{"line":55,"column":39}},"18":{"start":{"line":56,"column":6},"end":{"line":59,"column":7}},"19":{"start":{"line":57,"column":8},"end":{"line":57,"column":48}},"20":{"start":{"line":58,"column":8},"end":{"line":58,"column":76}},"21":{"start":{"line":60,"column":6},"end":{"line":60,"column":13}},"22":{"start":{"line":63,"column":4},"end":{"line":63,"column":21}},"23":{"start":{"line":71,"column":4},"end":{"line":71,"column":49}},"24":{"start":{"line":78,"column":4},"end":{"line":78,"column":50}},"25":{"start":{"line":87,"column":4},"end":{"line":90,"column":5}},"26":{"start":{"line":88,"column":6},"end":{"line":88,"column":52}},"27":{"start":{"line":89,"column":6},"end":{"line":89,"column":13}},"28":{"start":{"line":91,"column":4},"end":{"line":94,"column":5}},"29":{"start":{"line":92,"column":6},"end":{"line":92,"column":60}},"30":{"start":{"line":93,"column":6},"end":{"line":93,"column":13}},"31":{"start":{"line":96,"column":4},"end":{"line":96,"column":48}},"32":{"start":{"line":103,"column":4},"end":{"line":103,"column":50}},"33":{"start":{"line":113,"column":4},"end":{"line":116,"column":5}},"34":{"start":{"line":114,"column":6},"end":{"line":114,"column":49}},"35":{"start":{"line":115,"column":6},"end":{"line":115,"column":13}},"36":{"start":{"line":117,"column":4},"end":{"line":119,"column":5}},"37":{"start":{"line":118,"column":6},"end":{"line":118,"column":55}},"38":{"start":{"line":120,"column":4},"end":{"line":122,"column":5}},"39":{"start":{"line":121,"column":6},"end":{"line":121,"column":61}},"40":{"start":{"line":123,"column":4},"end":{"line":125,"column":5}},"41":{"start":{"line":124,"column":6},"end":{"line":124,"column":56}},"42":{"start":{"line":126,"column":4},"end":{"line":126,"column":28}},"43":{"start":{"line":127,"column":4},"end":{"line":127,"column":43}},"44":{"start":{"line":128,"column":4},"end":{"line":128,"column":69}},"45":{"start":{"line":139,"column":4},"end":{"line":142,"column":5}},"46":{"start":{"line":140,"column":6},"end":{"line":140,"column":49}},"47":{"start":{"line":141,"column":6},"end":{"line":141,"column":13}},"48":{"start":{"line":143,"column":4},"end":{"line":145,"column":5}},"49":{"start":{"line":144,"column":6},"end":{"line":144,"column":55}},"50":{"start":{"line":146,"column":4},"end":{"line":148,"column":5}},"51":{"start":{"line":147,"column":6},"end":{"line":147,"column":61}},"52":{"start":{"line":149,"column":4},"end":{"line":151,"column":5}},"53":{"start":{"line":150,"column":6},"end":{"line":150,"column":55}},"54":{"start":{"line":152,"column":4},"end":{"line":154,"column":5}},"55":{"start":{"line":153,"column":6},"end":{"line":153,"column":56}},"56":{"start":{"line":161,"column":4},"end":{"line":161,"column":44}},"57":{"start":{"line":162,"column":4},"end":{"line":162,"column":49}},"58":{"start":{"line":170,"column":4},"end":{"line":172,"column":5}},"59":{"start":{"line":171,"column":6},"end":{"line":171,"column":59}},"60":{"start":{"line":174,"column":4},"end":{"line":174,"column":46}},"61":{"start":{"line":183,"column":4},"end":{"line":186,"column":5}},"62":{"start":{"line":184,"column":6},"end":{"line":184,"column":37}},"63":{"start":{"line":185,"column":6},"end":{"line":185,"column":13}},"64":{"start":{"line":188,"column":4},"end":{"line":188,"column":57}},"65":{"start":{"line":198,"column":4},"end":{"line":201,"column":5}},"66":{"start":{"line":199,"column":6},"end":{"line":199,"column":51}},"67":{"start":{"line":200,"column":6},"end":{"line":200,"column":13}},"68":{"start":{"line":203,"column":4},"end":{"line":203,"column":46}},"69":{"start":{"line":208,"column":4},"end":{"line":208,"column":64}},"70":{"start":{"line":209,"column":4},"end":{"line":209,"column":27}},"71":{"start":{"line":212,"column":4},"end":{"line":212,"column":65}},"72":{"start":{"line":213,"column":4},"end":{"line":213,"column":26}}},"fnMap":{"0":{"name":"(anonymous_0)","decl":{"start":{"line":25,"column":8},"end":{"line":25,"column":9}},"loc":{"start":{"line":25,"column":46},"end":{"line":47,"column":3}},"line":25},"1":{"name":"(anonymous_1)","decl":{"start":{"line":45,"column":15},"end":{"line":45,"column":16}},"loc":{"start":{"line":45,"column":26},"end":{"line":45,"column":28}},"line":45},"2":{"name":"(anonymous_2)","decl":{"start":{"line":53,"column":13},"end":{"line":53,"column":14}},"loc":{"start":{"line":53,"column":25},"end":{"line":64,"column":3}},"line":53},"3":{"name":"(anonymous_3)","decl":{"start":{"line":70,"column":23},"end":{"line":70,"column":24}},"loc":{"start":{"line":70,"column":35},"end":{"line":72,"column":3}},"line":70},"4":{"name":"(anonymous_4)","decl":{"start":{"line":77,"column":16},"end":{"line":77,"column":17}},"loc":{"start":{"line":77,"column":27},"end":{"line":79,"column":3}},"line":77},"5":{"name":"(anonymous_5)","decl":{"start":{"line":86,"column":12},"end":{"line":86,"column":13}},"loc":{"start":{"line":86,"column":32},"end":{"line":97,"column":3}},"line":86},"6":{"name":"(anonymous_6)","decl":{"start":{"line":102,"column":16},"end":{"line":102,"column":17}},"loc":{"start":{"line":102,"column":27},"end":{"line":104,"column":3}},"line":102},"7":{"name":"(anonymous_7)","decl":{"start":{"line":112,"column":12},"end":{"line":112,"column":13}},"loc":{"start":{"line":112,"column":54},"end":{"line":129,"column":3}},"line":112},"8":{"name":"(anonymous_8)","decl":{"start":{"line":126,"column":15},"end":{"line":126,"column":16}},"loc":{"start":{"line":126,"column":26},"end":{"line":126,"column":28}},"line":126},"9":{"name":"(anonymous_9)","decl":{"start":{"line":138,"column":25},"end":{"line":138,"column":26}},"loc":{"start":{"line":138,"column":78},"end":{"line":155,"column":3}},"line":138},"10":{"name":"(anonymous_10)","decl":{"start":{"line":160,"column":15},"end":{"line":160,"column":16}},"loc":{"start":{"line":160,"column":27},"end":{"line":163,"column":3}},"line":160},"11":{"name":"(anonymous_11)","decl":{"start":{"line":169,"column":13},"end":{"line":169,"column":14}},"loc":{"start":{"line":169,"column":31},"end":{"line":175,"column":3}},"line":169},"12":{"name":"(anonymous_12)","decl":{"start":{"line":182,"column":21},"end":{"line":182,"column":22}},"loc":{"start":{"line":182,"column":42},"end":{"line":189,"column":3}},"line":182},"13":{"name":"(anonymous_13)","decl":{"start":{"line":197,"column":13},"end":{"line":197,"column":14}},"loc":{"start":{"line":197,"column":31},"end":{"line":204,"column":3}},"line":197},"14":{"name":"(anonymous_14)","decl":{"start":{"line":207,"column":9},"end":{"line":207,"column":10}},"loc":{"start":{"line":207,"column":28},"end":{"line":210,"column":3}},"line":207},"15":{"name":"(anonymous_15)","decl":{"start":{"line":211,"column":14},"end":{"line":211,"column":15}},"loc":{"start":{"line":211,"column":36},"end":{"line":214,"column":3}},"line":211}},"branchMap":{"0":{"loc":{"start":{"line":26,"column":4},"end":{"line":29,"column":5}},"type":"if","locations":[{"start":{"line":26,"column":4},"end":{"line":29,"column":5}},{"start":{"line":26,"column":4},"end":{"line":29,"column":5}}],"line":26},"1":{"loc":{"start":{"line":30,"column":4},"end":{"line":32,"column":5}},"type":"if","locations":[{"start":{"line":30,"column":4},"end":{"line":32,"column":5}},{"start":{"line":30,"column":4},"end":{"line":32,"column":5}}],"line":30},"2":{"loc":{"start":{"line":30,"column":7},"end":{"line":30,"column":42}},"type":"binary-expr","locations":[{"start":{"line":30,"column":7},"end":{"line":30,"column":21}},{"start":{"line":30,"column":25},"end":{"line":30,"column":42}}],"line":30},"3":{"loc":{"start":{"line":33,"column":4},"end":{"line":35,"column":5}},"type":"if","locations":[{"start":{"line":33,"column":4},"end":{"line":35,"column":5}},{"start":{"line":33,"column":4},"end":{"line":35,"column":5}}],"line":33},"4":{"loc":{"start":{"line":33,"column":7},"end":{"line":33,"column":47}},"type":"binary-expr","locations":[{"start":{"line":33,"column":7},"end":{"line":33,"column":21}},{"start":{"line":33,"column":25},"end":{"line":33,"column":47}}],"line":33},"5":{"loc":{"start":{"line":36,"column":4},"end":{"line":38,"column":5}},"type":"if","locations":[{"start":{"line":36,"column":4},"end":{"line":38,"column":5}},{"start":{"line":36,"column":4},"end":{"line":38,"column":5}}],"line":36},"6":{"loc":{"start":{"line":36,"column":7},"end":{"line":36,"column":36}},"type":"binary-expr","locations":[{"start":{"line":36,"column":7},"end":{"line":36,"column":17}},{"start":{"line":36,"column":21},"end":{"line":36,"column":36}}],"line":36},"7":{"loc":{"start":{"line":40,"column":4},"end":{"line":42,"column":5}},"type":"if","locations":[{"start":{"line":40,"column":4},"end":{"line":42,"column":5}},{"start":{"line":40,"column":4},"end":{"line":42,"column":5}}],"line":40},"8":{"loc":{"start":{"line":44,"column":13},"end":{"line":44,"column":25}},"type":"binary-expr","locations":[{"start":{"line":44,"column":13},"end":{"line":44,"column":19}},{"start":{"line":44,"column":23},"end":{"line":44,"column":25}}],"line":44},"9":{"loc":{"start":{"line":45,"column":9},"end":{"line":45,"column":28}},"type":"binary-expr","locations":[{"start":{"line":45,"column":9},"end":{"line":45,"column":11}},{"start":{"line":45,"column":15},"end":{"line":45,"column":28}}],"line":45},"10":{"loc":{"start":{"line":54,"column":4},"end":{"line":61,"column":5}},"type":"if","locations":[{"start":{"line":54,"column":4},"end":{"line":61,"column":5}},{"start":{"line":54,"column":4},"end":{"line":61,"column":5}}],"line":54},"11":{"loc":{"start":{"line":56,"column":6},"end":{"line":59,"column":7}},"type":"if","locations":[{"start":{"line":56,"column":6},"end":{"line":59,"column":7}},{"start":{"line":56,"column":6},"end":{"line":59,"column":7}}],"line":56},"12":{"loc":{"start":{"line":87,"column":4},"end":{"line":90,"column":5}},"type":"if","locations":[{"start":{"line":87,"column":4},"end":{"line":90,"column":5}},{"start":{"line":87,"column":4},"end":{"line":90,"column":5}}],"line":87},"13":{"loc":{"start":{"line":91,"column":4},"end":{"line":94,"column":5}},"type":"if","locations":[{"start":{"line":91,"column":4},"end":{"line":94,"column":5}},{"start":{"line":91,"column":4},"end":{"line":94,"column":5}}],"line":91},"14":{"loc":{"start":{"line":91,"column":7},"end":{"line":91,"column":45}},"type":"binary-expr","locations":[{"start":{"line":91,"column":7},"end":{"line":91,"column":20}},{"start":{"line":91,"column":24},"end":{"line":91,"column":45}}],"line":91},"15":{"loc":{"start":{"line":113,"column":4},"end":{"line":116,"column":5}},"type":"if","locations":[{"start":{"line":113,"column":4},"end":{"line":116,"column":5}},{"start":{"line":113,"column":4},"end":{"line":116,"column":5}}],"line":113},"16":{"loc":{"start":{"line":117,"column":4},"end":{"line":119,"column":5}},"type":"if","locations":[{"start":{"line":117,"column":4},"end":{"line":119,"column":5}},{"start":{"line":117,"column":4},"end":{"line":119,"column":5}}],"line":117},"17":{"loc":{"start":{"line":117,"column":7},"end":{"line":117,"column":48}},"type":"binary-expr","locations":[{"start":{"line":117,"column":7},"end":{"line":117,"column":24}},{"start":{"line":117,"column":28},"end":{"line":117,"column":48}}],"line":117},"18":{"loc":{"start":{"line":120,"column":4},"end":{"line":122,"column":5}},"type":"if","locations":[{"start":{"line":120,"column":4},"end":{"line":122,"column":5}},{"start":{"line":120,"column":4},"end":{"line":122,"column":5}}],"line":120},"19":{"loc":{"start":{"line":120,"column":7},"end":{"line":120,"column":65}},"type":"binary-expr","locations":[{"start":{"line":120,"column":7},"end":{"line":120,"column":30}},{"start":{"line":120,"column":34},"end":{"line":120,"column":65}}],"line":120},"20":{"loc":{"start":{"line":123,"column":4},"end":{"line":125,"column":5}},"type":"if","locations":[{"start":{"line":123,"column":4},"end":{"line":125,"column":5}},{"start":{"line":123,"column":4},"end":{"line":125,"column":5}}],"line":123},"21":{"loc":{"start":{"line":123,"column":7},"end":{"line":123,"column":36}},"type":"binary-expr","locations":[{"start":{"line":123,"column":7},"end":{"line":123,"column":17}},{"start":{"line":123,"column":21},"end":{"line":123,"column":36}}],"line":123},"22":{"loc":{"start":{"line":126,"column":9},"end":{"line":126,"column":28}},"type":"binary-expr","locations":[{"start":{"line":126,"column":9},"end":{"line":126,"column":11}},{"start":{"line":126,"column":15},"end":{"line":126,"column":28}}],"line":126},"23":{"loc":{"start":{"line":127,"column":22},"end":{"line":127,"column":43}},"type":"binary-expr","locations":[{"start":{"line":127,"column":22},"end":{"line":127,"column":37}},{"start":{"line":127,"column":41},"end":{"line":127,"column":43}}],"line":127},"24":{"loc":{"start":{"line":139,"column":4},"end":{"line":142,"column":5}},"type":"if","locations":[{"start":{"line":139,"column":4},"end":{"line":142,"column":5}},{"start":{"line":139,"column":4},"end":{"line":142,"column":5}}],"line":139},"25":{"loc":{"start":{"line":143,"column":4},"end":{"line":145,"column":5}},"type":"if","locations":[{"start":{"line":143,"column":4},"end":{"line":145,"column":5}},{"start":{"line":143,"column":4},"end":{"line":145,"column":5}}],"line":143},"26":{"loc":{"start":{"line":143,"column":7},"end":{"line":143,"column":48}},"type":"binary-expr","locations":[{"start":{"line":143,"column":7},"end":{"line":143,"column":24}},{"start":{"line":143,"column":28},"end":{"line":143,"column":48}}],"line":143},"27":{"loc":{"start":{"line":146,"column":4},"end":{"line":148,"column":5}},"type":"if","locations":[{"start":{"line":146,"column":4},"end":{"line":148,"column":5}},{"start":{"line":146,"column":4},"end":{"line":148,"column":5}}],"line":146},"28":{"loc":{"start":{"line":146,"column":7},"end":{"line":146,"column":65}},"type":"binary-expr","locations":[{"start":{"line":146,"column":7},"end":{"line":146,"column":30}},{"start":{"line":146,"column":34},"end":{"line":146,"column":65}}],"line":146},"29":{"loc":{"start":{"line":149,"column":4},"end":{"line":151,"column":5}},"type":"if","locations":[{"start":{"line":149,"column":4},"end":{"line":151,"column":5}},{"start":{"line":149,"column":4},"end":{"line":151,"column":5}}],"line":149},"30":{"loc":{"start":{"line":149,"column":7},"end":{"line":149,"column":48}},"type":"binary-expr","locations":[{"start":{"line":149,"column":7},"end":{"line":149,"column":24}},{"start":{"line":149,"column":28},"end":{"line":149,"column":48}}],"line":149},"31":{"loc":{"start":{"line":152,"column":4},"end":{"line":154,"column":5}},"type":"if","locations":[{"start":{"line":152,"column":4},"end":{"line":154,"column":5}},{"start":{"line":152,"column":4},"end":{"line":154,"column":5}}],"line":152},"32":{"loc":{"start":{"line":152,"column":7},"end":{"line":152,"column":36}},"type":"binary-expr","locations":[{"start":{"line":152,"column":7},"end":{"line":152,"column":17}},{"start":{"line":152,"column":21},"end":{"line":152,"column":36}}],"line":152},"33":{"loc":{"start":{"line":170,"column":4},"end":{"line":172,"column":5}},"type":"if","locations":[{"start":{"line":170,"column":4},"end":{"line":172,"column":5}},{"start":{"line":170,"column":4},"end":{"line":172,"column":5}}],"line":170},"34":{"loc":{"start":{"line":170,"column":7},"end":{"line":170,"column":43}},"type":"binary-expr","locations":[{"start":{"line":170,"column":7},"end":{"line":170,"column":24}},{"start":{"line":170,"column":28},"end":{"line":170,"column":43}}],"line":170},"35":{"loc":{"start":{"line":183,"column":4},"end":{"line":186,"column":5}},"type":"if","locations":[{"start":{"line":183,"column":4},"end":{"line":186,"column":5}},{"start":{"line":183,"column":4},"end":{"line":186,"column":5}}],"line":183},"36":{"loc":{"start":{"line":198,"column":4},"end":{"line":201,"column":5}},"type":"if","locations":[{"start":{"line":198,"column":4},"end":{"line":201,"column":5}},{"start":{"line":198,"column":4},"end":{"line":201,"column":5}}],"line":198}},"s":{"0":1,"1":1,"2":3,"3":0,"4":0,"5":3,"6":0,"7":3,"8":0,"9":3,"10":0,"11":3,"12":0,"13":3,"14":3,"15":3,"16":0,"17":0,"18":0,"19":0,"20":0,"21":0,"22":0,"23":0,"24":0,"25":0,"26":0,"27":0,"28":0,"29":0,"30":0,"31":0,"32":0,"33":2,"34":0,"35":0,"36":2,"37":0,"38":2,"39":0,"40":2,"41":0,"42":2,"43":2,"44":2,"45":0,"46":0,"47":0,"48":0,"49":0,"50":0,"51":0,"52":0,"53":0,"54":0,"55":0,"56":0,"57":0,"58":0,"59":0,"60":0,"61":0,"62":0,"63":0,"64":0,"65":0,"66":0,"67":0,"68":0,"69":0,"70":0,"71":0,"72":0},"f":{"0":3,"1":0,"2":0,"3":0,"4":0,"5":0,"6":0,"7":2,"8":0,"9":0,"10":0,"11":0,"12":0,"13":0,"14":0,"15":0},"b":{"0":[0,3],"1":[0,3],"2":[3,3],"3":[0,3],"4":[3,3],"5":[0,3],"6":[3,3],"7":[0,3],"8":[3,0],"9":[3,0],"10":[0,0],"11":[0,0],"12":[0,0],"13":[0,0],"14":[0,0],"15":[0,2],"16":[0,2],"17":[2,2],"18":[0,2],"19":[2,2],"20":[0,2],"21":[2,2],"22":[2,0],"23":[2,0],"24":[0,0],"25":[0,0],"26":[0,0],"27":[0,0],"28":[0,0],"29":[0,0],"30":[0,0],"31":[0,0],"32":[0,0],"33":[0,0],"34":[0,0],"35":[0,0],"36":[0,0]},"_coverageSchema":"332fd63041d2c1bcb487cc26dd0d5f7d97098a6c","hash":"4bc2d0a0df564b28075864b034930fda2a686635"}
,"/Users/rgarand/Git/react-amplitude/src/utils/console/index.js": {"path":"/Users/rgarand/Git/react-amplitude/src/utils/console/index.js","statementMap":{"0":{"start":{"line":1,"column":14},"end":{"line":3,"column":1}},"1":{"start":{"line":2,"column":1},"end":{"line":2,"column":47}},"2":{"start":{"line":5,"column":12},"end":{"line":7,"column":1}},"3":{"start":{"line":6,"column":1},"end":{"line":6,"column":46}},"4":{"start":{"line":9,"column":13},"end":{"line":11,"column":1}},"5":{"start":{"line":10,"column":1},"end":{"line":10,"column":46}}},"fnMap":{"0":{"name":"(anonymous_0)","decl":{"start":{"line":1,"column":14},"end":{"line":1,"column":15}},"loc":{"start":{"line":1,"column":25},"end":{"line":3,"column":1}},"line":1},"1":{"name":"(anonymous_1)","decl":{"start":{"line":5,"column":12},"end":{"line":5,"column":13}},"loc":{"start":{"line":5,"column":23},"end":{"line":7,"column":1}},"line":5},"2":{"name":"(anonymous_2)","decl":{"start":{"line":9,"column":13},"end":{"line":9,"column":14}},"loc":{"start":{"line":9,"column":24},"end":{"line":11,"column":1}},"line":9}},"branchMap":{},"s":{"0":2,"1":1,"2":2,"3":1,"4":2,"5":1},"f":{"0":1,"1":1,"2":1},"b":{},"_coverageSchema":"332fd63041d2c1bcb487cc26dd0d5f7d97098a6c","hash":"f8a2a11678cb64b12bc6869c82fa07ea8c799a56"}
}
