TN:
SF:/Users/rgarand/Git/react-amplitude/src/index.js
FN:25,(anonymous_0)
FN:45,(anonymous_1)
FN:53,(anonymous_2)
FN:70,(anonymous_3)
FN:77,(anonymous_4)
FN:86,(anonymous_5)
FN:102,(anonymous_6)
FN:112,(anonymous_7)
FN:126,(anonymous_8)
FN:138,(anonymous_9)
FN:160,(anonymous_10)
FN:169,(anonymous_11)
FN:182,(anonymous_12)
FN:197,(anonymous_13)
FN:207,(anonymous_14)
FN:211,(anonymous_15)
FNF:16
FNH:2
FNDA:3,(anonymous_0)
FNDA:0,(anonymous_1)
FNDA:0,(anonymous_2)
FNDA:0,(anonymous_3)
FNDA:0,(anonymous_4)
FNDA:0,(anonymous_5)
FNDA:0,(anonymous_6)
FNDA:2,(anonymous_7)
FNDA:0,(anonymous_8)
FNDA:0,(anonymous_9)
FNDA:0,(anonymous_10)
FNDA:0,(anonymous_11)
FNDA:0,(anonymous_12)
FNDA:0,(anonymous_13)
FNDA:0,(anonymous_14)
FNDA:0,(anonymous_15)
DA:15,1
DA:17,1
DA:26,3
DA:27,0
DA:28,0
DA:30,3
DA:31,0
DA:33,3
DA:34,0
DA:36,3
DA:37,0
DA:40,3
DA:41,0
DA:44,3
DA:45,3
DA:46,3
DA:54,0
DA:55,0
DA:56,0
DA:57,0
DA:58,0
DA:60,0
DA:63,0
DA:71,0
DA:78,0
DA:87,0
DA:88,0
DA:89,0
DA:91,0
DA:92,0
DA:93,0
DA:96,0
DA:103,0
DA:113,2
DA:114,0
DA:115,0
DA:117,2
DA:118,0
DA:120,2
DA:121,0
DA:123,2
DA:124,0
DA:126,2
DA:127,2
DA:128,2
DA:139,0
DA:140,0
DA:141,0
DA:143,0
DA:144,0
DA:146,0
DA:147,0
DA:149,0
DA:150,0
DA:152,0
DA:153,0
DA:161,0
DA:162,0
DA:170,0
DA:171,0
DA:174,0
DA:183,0
DA:184,0
DA:185,0
DA:188,0
DA:198,0
DA:199,0
DA:200,0
DA:203,0
DA:208,0
DA:209,0
DA:212,0
DA:213,0
LF:73
LH:17
BRDA:26,0,0,0
BRDA:26,0,1,3
BRDA:30,1,0,0
BRDA:30,1,1,3
BRDA:30,2,0,3
BRDA:30,2,1,3
BRDA:33,3,0,0
BRDA:33,3,1,3
BRDA:33,4,0,3
BRDA:33,4,1,3
BRDA:36,5,0,0
BRDA:36,5,1,3
BRDA:36,6,0,3
BRDA:36,6,1,3
BRDA:40,7,0,0
BRDA:40,7,1,3
BRDA:44,8,0,3
BRDA:44,8,1,0
BRDA:45,9,0,3
BRDA:45,9,1,0
BRDA:54,10,0,0
BRDA:54,10,1,0
BRDA:56,11,0,0
BRDA:56,11,1,0
BRDA:87,12,0,0
BRDA:87,12,1,0
BRDA:91,13,0,0
BRDA:91,13,1,0
BRDA:91,14,0,0
BRDA:91,14,1,0
BRDA:113,15,0,0
BRDA:113,15,1,2
BRDA:117,16,0,0
BRDA:117,16,1,2
BRDA:117,17,0,2
BRDA:117,17,1,2
BRDA:120,18,0,0
BRDA:120,18,1,2
BRDA:120,19,0,2
BRDA:120,19,1,2
BRDA:123,20,0,0
BRDA:123,20,1,2
BRDA:123,21,0,2
BRDA:123,21,1,2
BRDA:126,22,0,2
BRDA:126,22,1,0
BRDA:127,23,0,2
BRDA:127,23,1,0
BRDA:139,24,0,0
BRDA:139,24,1,0
BRDA:143,25,0,0
BRDA:143,25,1,0
BRDA:143,26,0,0
BRDA:143,26,1,0
BRDA:146,27,0,0
BRDA:146,27,1,0
BRDA:146,28,0,0
BRDA:146,28,1,0
BRDA:149,29,0,0
BRDA:149,29,1,0
BRDA:149,30,0,0
BRDA:149,30,1,0
BRDA:152,31,0,0
BRDA:152,31,1,0
BRDA:152,32,0,0
BRDA:152,32,1,0
BRDA:170,33,0,0
BRDA:170,33,1,0
BRDA:170,34,0,0
BRDA:170,34,1,0
BRDA:183,35,0,0
BRDA:183,35,1,0
BRDA:198,36,0,0
BRDA:198,36,1,0
BRF:74
BRH:25
end_of_record
TN:
SF:/Users/rgarand/Git/react-amplitude/src/utils/console/index.js
FN:1,(anonymous_0)
FN:5,(anonymous_1)
FN:9,(anonymous_2)
FNF:3
FNH:3
FNDA:1,(anonymous_0)
FNDA:1,(anonymous_1)
FNDA:1,(anonymous_2)
DA:1,2
DA:2,1
DA:5,2
DA:6,1
DA:9,2
DA:10,1
LF:6
LH:6
BRF:0
BRH:0
end_of_record
